{"C:\\Users\\AD\\Documents\\GitHub\\video-record-chrome-plugin\\background.js": {"path":"C:\\Users\\AD\\Documents\\GitHub\\video-record-chrome-plugin\\background.js","statementMap":{"0":{"start":{"line":2,"column":25},"end":{"line":6,"column":1}},"1":{"start":{"line":8,"column":24},"end":{"line":12,"column":1}},"2":{"start":{"line":15,"column":22},"end":{"line":15,"column":26}},"3":{"start":{"line":16,"column":22},"end":{"line":16,"column":26}},"4":{"start":{"line":17,"column":20},"end":{"line":17,"column":24}},"5":{"start":{"line":18,"column":21},"end":{"line":18,"column":23}},"6":{"start":{"line":19,"column":16},"end":{"line":19,"column":17}},"7":{"start":{"line":20,"column":16},"end":{"line":20,"column":17}},"8":{"start":{"line":21,"column":15},"end":{"line":21,"column":20}},"9":{"start":{"line":24,"column":0},"end":{"line":26,"column":3}},"10":{"start":{"line":25,"column":2},"end":{"line":25,"column":65}},"11":{"start":{"line":29,"column":0},"end":{"line":44,"column":3}},"12":{"start":{"line":30,"column":2},"end":{"line":43,"column":3}},"13":{"start":{"line":32,"column":6},"end":{"line":36,"column":7}},"14":{"start":{"line":33,"column":8},"end":{"line":33,"column":24}},"15":{"start":{"line":35,"column":8},"end":{"line":35,"column":25}},"16":{"start":{"line":37,"column":6},"end":{"line":37,"column":12}},"17":{"start":{"line":39,"column":6},"end":{"line":41,"column":7}},"18":{"start":{"line":40,"column":8},"end":{"line":40,"column":22}},"19":{"start":{"line":42,"column":6},"end":{"line":42,"column":12}},"20":{"start":{"line":47,"column":0},"end":{"line":70,"column":3}},"21":{"start":{"line":48,"column":2},"end":{"line":68,"column":3}},"22":{"start":{"line":50,"column":6},"end":{"line":50,"column":38}},"23":{"start":{"line":51,"column":6},"end":{"line":51,"column":38}},"24":{"start":{"line":52,"column":6},"end":{"line":52,"column":12}},"25":{"start":{"line":54,"column":6},"end":{"line":54,"column":22}},"26":{"start":{"line":55,"column":6},"end":{"line":55,"column":38}},"27":{"start":{"line":56,"column":6},"end":{"line":56,"column":12}},"28":{"start":{"line":58,"column":6},"end":{"line":58,"column":20}},"29":{"start":{"line":59,"column":6},"end":{"line":59,"column":38}},"30":{"start":{"line":60,"column":6},"end":{"line":60,"column":12}},"31":{"start":{"line":62,"column":6},"end":{"line":66,"column":9}},"32":{"start":{"line":67,"column":6},"end":{"line":67,"column":12}},"33":{"start":{"line":69,"column":2},"end":{"line":69,"column":14}},"34":{"start":{"line":74,"column":2},"end":{"line":109,"column":3}},"35":{"start":{"line":75,"column":21},"end":{"line":75,"column":63}},"36":{"start":{"line":76,"column":20},"end":{"line":76,"column":73}},"37":{"start":{"line":78,"column":30},"end":{"line":84,"column":5}},"38":{"start":{"line":86,"column":19},"end":{"line":86,"column":82}},"39":{"start":{"line":87,"column":4},"end":{"line":87,"column":29}},"40":{"start":{"line":89,"column":21},"end":{"line":89,"column":44}},"41":{"start":{"line":90,"column":4},"end":{"line":93,"column":7}},"42":{"start":{"line":95,"column":4},"end":{"line":95,"column":56}},"43":{"start":{"line":96,"column":4},"end":{"line":96,"column":47}},"44":{"start":{"line":98,"column":4},"end":{"line":98,"column":24}},"45":{"start":{"line":99,"column":4},"end":{"line":99,"column":27}},"46":{"start":{"line":100,"column":4},"end":{"line":100,"column":18}},"47":{"start":{"line":101,"column":4},"end":{"line":101,"column":21}},"48":{"start":{"line":102,"column":4},"end":{"line":102,"column":27}},"49":{"start":{"line":104,"column":4},"end":{"line":104,"column":30}},"50":{"start":{"line":105,"column":4},"end":{"line":105,"column":22}},"51":{"start":{"line":107,"column":4},"end":{"line":107,"column":54}},"52":{"start":{"line":108,"column":4},"end":{"line":108,"column":14}},"53":{"start":{"line":113,"column":2},"end":{"line":116,"column":3}},"54":{"start":{"line":114,"column":4},"end":{"line":114,"column":25}},"55":{"start":{"line":115,"column":4},"end":{"line":115,"column":63}},"56":{"start":{"line":115,"column":49},"end":{"line":115,"column":61}},"57":{"start":{"line":120,"column":2},"end":{"line":120,"column":29}},"58":{"start":{"line":120,"column":22},"end":{"line":120,"column":29}},"59":{"start":{"line":122,"column":2},"end":{"line":130,"column":3}},"60":{"start":{"line":123,"column":4},"end":{"line":123,"column":26}},"61":{"start":{"line":124,"column":4},"end":{"line":124,"column":27}},"62":{"start":{"line":125,"column":4},"end":{"line":125,"column":20}},"63":{"start":{"line":126,"column":9},"end":{"line":130,"column":3}},"64":{"start":{"line":127,"column":4},"end":{"line":127,"column":27}},"65":{"start":{"line":128,"column":4},"end":{"line":128,"column":42}},"66":{"start":{"line":129,"column":4},"end":{"line":129,"column":21}},"67":{"start":{"line":131,"column":2},"end":{"line":131,"column":20}},"68":{"start":{"line":135,"column":2},"end":{"line":137,"column":3}},"69":{"start":{"line":136,"column":4},"end":{"line":136,"column":36}},"70":{"start":{"line":141,"column":15},"end":{"line":141,"column":63}},"71":{"start":{"line":142,"column":14},"end":{"line":142,"column":39}},"72":{"start":{"line":144,"column":20},"end":{"line":144,"column":66}},"73":{"start":{"line":145,"column":19},"end":{"line":145,"column":55}},"74":{"start":{"line":147,"column":2},"end":{"line":156,"column":3}},"75":{"start":{"line":148,"column":23},"end":{"line":152,"column":6}},"76":{"start":{"line":153,"column":4},"end":{"line":153,"column":49}},"77":{"start":{"line":155,"column":4},"end":{"line":155,"column":45}},"78":{"start":{"line":158,"column":2},"end":{"line":158,"column":12}},"79":{"start":{"line":162,"column":2},"end":{"line":162,"column":25}},"80":{"start":{"line":163,"column":2},"end":{"line":163,"column":25}},"81":{"start":{"line":164,"column":2},"end":{"line":164,"column":23}},"82":{"start":{"line":165,"column":2},"end":{"line":165,"column":22}},"83":{"start":{"line":166,"column":2},"end":{"line":166,"column":16}},"84":{"start":{"line":167,"column":2},"end":{"line":167,"column":16}},"85":{"start":{"line":168,"column":2},"end":{"line":168,"column":19}},"86":{"start":{"line":169,"column":2},"end":{"line":169,"column":20}},"87":{"start":{"line":173,"column":2},"end":{"line":173,"column":27}},"88":{"start":{"line":173,"column":18},"end":{"line":173,"column":27}},"89":{"start":{"line":174,"column":24},"end":{"line":174,"column":64}},"90":{"start":{"line":175,"column":2},"end":{"line":175,"column":87}},"91":{"start":{"line":179,"column":2},"end":{"line":186,"column":21}}},"fnMap":{"0":{"name":"(anonymous_0)","decl":{"start":{"line":24,"column":39},"end":{"line":24,"column":40}},"loc":{"start":{"line":24,"column":51},"end":{"line":26,"column":1}},"line":24},"1":{"name":"(anonymous_1)","decl":{"start":{"line":29,"column":38},"end":{"line":29,"column":39}},"loc":{"start":{"line":29,"column":51},"end":{"line":44,"column":1}},"line":29},"2":{"name":"(anonymous_2)","decl":{"start":{"line":47,"column":37},"end":{"line":47,"column":38}},"loc":{"start":{"line":47,"column":72},"end":{"line":70,"column":1}},"line":47},"3":{"name":"startRecording","decl":{"start":{"line":73,"column":15},"end":{"line":73,"column":29}},"loc":{"start":{"line":73,"column":44},"end":{"line":110,"column":1}},"line":73},"4":{"name":"stopRecording","decl":{"start":{"line":112,"column":9},"end":{"line":112,"column":22}},"loc":{"start":{"line":112,"column":25},"end":{"line":117,"column":1}},"line":112},"5":{"name":"(anonymous_5)","decl":{"start":{"line":115,"column":40},"end":{"line":115,"column":41}},"loc":{"start":{"line":115,"column":49},"end":{"line":115,"column":61}},"line":115},"6":{"name":"togglePause","decl":{"start":{"line":119,"column":9},"end":{"line":119,"column":20}},"loc":{"start":{"line":119,"column":23},"end":{"line":132,"column":1}},"line":119},"7":{"name":"handleDataAvailable","decl":{"start":{"line":134,"column":9},"end":{"line":134,"column":28}},"loc":{"start":{"line":134,"column":36},"end":{"line":138,"column":1}},"line":134},"8":{"name":"handleRecordingStop","decl":{"start":{"line":140,"column":15},"end":{"line":140,"column":34}},"loc":{"start":{"line":140,"column":37},"end":{"line":159,"column":1}},"line":140},"9":{"name":"cleanup","decl":{"start":{"line":161,"column":9},"end":{"line":161,"column":16}},"loc":{"start":{"line":161,"column":19},"end":{"line":170,"column":1}},"line":161},"10":{"name":"getRecordingDuration","decl":{"start":{"line":172,"column":9},"end":{"line":172,"column":29}},"loc":{"start":{"line":172,"column":32},"end":{"line":176,"column":1}},"line":172},"11":{"name":"broadcastStatus","decl":{"start":{"line":178,"column":9},"end":{"line":178,"column":24}},"loc":{"start":{"line":178,"column":27},"end":{"line":187,"column":1}},"line":178},"12":{"name":"(anonymous_12)","decl":{"start":{"line":186,"column":11},"end":{"line":186,"column":12}},"loc":{"start":{"line":186,"column":17},"end":{"line":186,"column":19}},"line":186}},"branchMap":{"0":{"loc":{"start":{"line":30,"column":2},"end":{"line":43,"column":3}},"type":"switch","locations":[{"start":{"line":31,"column":4},"end":{"line":37,"column":12}},{"start":{"line":38,"column":4},"end":{"line":42,"column":12}}],"line":30},"1":{"loc":{"start":{"line":32,"column":6},"end":{"line":36,"column":7}},"type":"if","locations":[{"start":{"line":32,"column":6},"end":{"line":36,"column":7}},{"start":{"line":34,"column":13},"end":{"line":36,"column":7}}],"line":32},"2":{"loc":{"start":{"line":39,"column":6},"end":{"line":41,"column":7}},"type":"if","locations":[{"start":{"line":39,"column":6},"end":{"line":41,"column":7}},{"start":{},"end":{}}],"line":39},"3":{"loc":{"start":{"line":48,"column":2},"end":{"line":68,"column":3}},"type":"switch","locations":[{"start":{"line":49,"column":4},"end":{"line":52,"column":12}},{"start":{"line":53,"column":4},"end":{"line":56,"column":12}},{"start":{"line":57,"column":4},"end":{"line":60,"column":12}},{"start":{"line":61,"column":4},"end":{"line":67,"column":12}}],"line":48},"4":{"loc":{"start":{"line":73,"column":30},"end":{"line":73,"column":42}},"type":"default-arg","locations":[{"start":{"line":73,"column":40},"end":{"line":73,"column":42}}],"line":73},"5":{"loc":{"start":{"line":76,"column":36},"end":{"line":76,"column":72}},"type":"binary-expr","locations":[{"start":{"line":76,"column":36},"end":{"line":76,"column":61}},{"start":{"line":76,"column":65},"end":{"line":76,"column":72}}],"line":76},"6":{"loc":{"start":{"line":113,"column":2},"end":{"line":116,"column":3}},"type":"if","locations":[{"start":{"line":113,"column":2},"end":{"line":116,"column":3}},{"start":{},"end":{}}],"line":113},"7":{"loc":{"start":{"line":113,"column":6},"end":{"line":113,"column":57}},"type":"binary-expr","locations":[{"start":{"line":113,"column":6},"end":{"line":113,"column":19}},{"start":{"line":113,"column":23},"end":{"line":113,"column":57}}],"line":113},"8":{"loc":{"start":{"line":120,"column":2},"end":{"line":120,"column":29}},"type":"if","locations":[{"start":{"line":120,"column":2},"end":{"line":120,"column":29}},{"start":{},"end":{}}],"line":120},"9":{"loc":{"start":{"line":122,"column":2},"end":{"line":130,"column":3}},"type":"if","locations":[{"start":{"line":122,"column":2},"end":{"line":130,"column":3}},{"start":{"line":126,"column":9},"end":{"line":130,"column":3}}],"line":122},"10":{"loc":{"start":{"line":126,"column":9},"end":{"line":130,"column":3}},"type":"if","locations":[{"start":{"line":126,"column":9},"end":{"line":130,"column":3}},{"start":{},"end":{}}],"line":126},"11":{"loc":{"start":{"line":135,"column":2},"end":{"line":137,"column":3}},"type":"if","locations":[{"start":{"line":135,"column":2},"end":{"line":137,"column":3}},{"start":{},"end":{}}],"line":135},"12":{"loc":{"start":{"line":173,"column":2},"end":{"line":173,"column":27}},"type":"if","locations":[{"start":{"line":173,"column":2},"end":{"line":173,"column":27}},{"start":{},"end":{}}],"line":173},"13":{"loc":{"start":{"line":174,"column":24},"end":{"line":174,"column":64}},"type":"cond-expr","locations":[{"start":{"line":174,"column":37},"end":{"line":174,"column":59}},{"start":{"line":174,"column":63},"end":{"line":174,"column":64}}],"line":174},"14":{"loc":{"start":{"line":175,"column":9},"end":{"line":175,"column":86}},"type":"cond-expr","locations":[{"start":{"line":175,"column":21},"end":{"line":175,"column":42}},{"start":{"line":175,"column":47},"end":{"line":175,"column":85}}],"line":175}},"s":{"0":0,"1":0,"2":0,"3":0,"4":0,"5":0,"6":0,"7":0,"8":0,"9":0,"10":0,"11":0,"12":0,"13":0,"14":0,"15":0,"16":0,"17":0,"18":0,"19":0,"20":0,"21":0,"22":0,"23":0,"24":0,"25":0,"26":0,"27":0,"28":0,"29":0,"30":0,"31":0,"32":0,"33":0,"34":0,"35":0,"36":0,"37":0,"38":0,"39":0,"40":0,"41":0,"42":0,"43":0,"44":0,"45":0,"46":0,"47":0,"48":0,"49":0,"50":0,"51":0,"52":0,"53":0,"54":0,"55":0,"56":0,"57":0,"58":0,"59":0,"60":0,"61":0,"62":0,"63":0,"64":0,"65":0,"66":0,"67":0,"68":0,"69":0,"70":0,"71":0,"72":0,"73":0,"74":0,"75":0,"76":0,"77":0,"78":0,"79":0,"80":0,"81":0,"82":0,"83":0,"84":0,"85":0,"86":0,"87":0,"88":0,"89":0,"90":0,"91":0},"f":{"0":0,"1":0,"2":0,"3":0,"4":0,"5":0,"6":0,"7":0,"8":0,"9":0,"10":0,"11":0,"12":0},"b":{"0":[0,0],"1":[0,0],"2":[0,0],"3":[0,0,0,0],"4":[0],"5":[0,0],"6":[0,0],"7":[0,0],"8":[0,0],"9":[0,0],"10":[0,0],"11":[0,0],"12":[0,0],"13":[0,0],"14":[0,0]}}
,"C:\\Users\\AD\\Documents\\GitHub\\video-record-chrome-plugin\\popup.js": {"path":"C:\\Users\\AD\\Documents\\GitHub\\video-record-chrome-plugin\\popup.js","statementMap":{"0":{"start":{"line":2,"column":20},"end":{"line":2,"column":58}},"1":{"start":{"line":3,"column":19},"end":{"line":3,"column":56}},"2":{"start":{"line":4,"column":20},"end":{"line":4,"column":58}},"3":{"start":{"line":5,"column":21},"end":{"line":5,"column":53}},"4":{"start":{"line":6,"column":22},"end":{"line":6,"column":55}},"5":{"start":{"line":7,"column":24},"end":{"line":7,"column":66}},"6":{"start":{"line":8,"column":20},"end":{"line":8,"column":58}},"7":{"start":{"line":11,"column":18},"end":{"line":11,"column":23}},"8":{"start":{"line":12,"column":15},"end":{"line":12,"column":20}},"9":{"start":{"line":13,"column":21},"end":{"line":13,"column":25}},"10":{"start":{"line":16,"column":0},"end":{"line":38,"column":3}},"11":{"start":{"line":18,"column":23},"end":{"line":18,"column":65}},"12":{"start":{"line":19,"column":2},"end":{"line":19,"column":43}},"13":{"start":{"line":20,"column":2},"end":{"line":20,"column":46}},"14":{"start":{"line":23,"column":2},"end":{"line":23,"column":26}},"15":{"start":{"line":26,"column":2},"end":{"line":26,"column":56}},"16":{"start":{"line":27,"column":2},"end":{"line":27,"column":54}},"17":{"start":{"line":28,"column":2},"end":{"line":28,"column":53}},"18":{"start":{"line":29,"column":2},"end":{"line":29,"column":61}},"19":{"start":{"line":30,"column":2},"end":{"line":30,"column":57}},"20":{"start":{"line":33,"column":2},"end":{"line":37,"column":5}},"21":{"start":{"line":34,"column":4},"end":{"line":36,"column":5}},"22":{"start":{"line":35,"column":6},"end":{"line":35,"column":31}},"23":{"start":{"line":42,"column":2},"end":{"line":56,"column":3}},"24":{"start":{"line":43,"column":4},"end":{"line":49,"column":7}},"25":{"start":{"line":51,"column":4},"end":{"line":51,"column":36}},"26":{"start":{"line":52,"column":4},"end":{"line":52,"column":38}},"27":{"start":{"line":54,"column":4},"end":{"line":54,"column":55}},"28":{"start":{"line":55,"column":4},"end":{"line":55,"column":46}},"29":{"start":{"line":60,"column":2},"end":{"line":67,"column":3}},"30":{"start":{"line":61,"column":4},"end":{"line":61,"column":67}},"31":{"start":{"line":62,"column":4},"end":{"line":62,"column":36}},"32":{"start":{"line":63,"column":4},"end":{"line":63,"column":36}},"33":{"start":{"line":65,"column":4},"end":{"line":65,"column":54}},"34":{"start":{"line":66,"column":4},"end":{"line":66,"column":45}},"35":{"start":{"line":71,"column":2},"end":{"line":78,"column":3}},"36":{"start":{"line":72,"column":4},"end":{"line":72,"column":65}},"37":{"start":{"line":73,"column":4},"end":{"line":73,"column":25}},"38":{"start":{"line":74,"column":4},"end":{"line":74,"column":24}},"39":{"start":{"line":75,"column":4},"end":{"line":75,"column":70}},"40":{"start":{"line":77,"column":4},"end":{"line":77,"column":52}},"41":{"start":{"line":83,"column":19},"end":{"line":86,"column":3}},"42":{"start":{"line":88,"column":2},"end":{"line":88,"column":47}},"43":{"start":{"line":93,"column":2},"end":{"line":93,"column":35}},"44":{"start":{"line":94,"column":2},"end":{"line":94,"column":35}},"45":{"start":{"line":95,"column":2},"end":{"line":95,"column":47}},"46":{"start":{"line":96,"column":2},"end":{"line":96,"column":39}},"47":{"start":{"line":97,"column":2},"end":{"line":97,"column":35}},"48":{"start":{"line":99,"column":2},"end":{"line":102,"column":3}},"49":{"start":{"line":100,"column":4},"end":{"line":100,"column":40}},"50":{"start":{"line":101,"column":4},"end":{"line":101,"column":21}},"51":{"start":{"line":106,"column":2},"end":{"line":106,"column":62}},"52":{"start":{"line":110,"column":2},"end":{"line":110,"column":38}},"53":{"start":{"line":114,"column":18},"end":{"line":114,"column":39}},"54":{"start":{"line":115,"column":13},"end":{"line":115,"column":39}},"55":{"start":{"line":116,"column":13},"end":{"line":116,"column":46}},"56":{"start":{"line":117,"column":13},"end":{"line":117,"column":25}},"57":{"start":{"line":119,"column":2},"end":{"line":121,"column":15}},"58":{"start":{"line":120,"column":16},"end":{"line":120,"column":47}},"59":{"start":{"line":125,"column":2},"end":{"line":125,"column":50}},"60":{"start":{"line":129,"column":2},"end":{"line":129,"column":35}},"61":{"start":{"line":130,"column":2},"end":{"line":130,"column":29}},"62":{"start":{"line":132,"column":2},"end":{"line":132,"column":34}},"63":{"start":{"line":133,"column":2},"end":{"line":133,"column":22}},"64":{"start":{"line":134,"column":2},"end":{"line":134,"column":31}},"65":{"start":{"line":136,"column":2},"end":{"line":138,"column":3}},"66":{"start":{"line":137,"column":4},"end":{"line":137,"column":36}},"67":{"start":{"line":143,"column":2},"end":{"line":148,"column":3}},"68":{"start":{"line":144,"column":21},"end":{"line":144,"column":79}},"69":{"start":{"line":145,"column":4},"end":{"line":145,"column":23}},"70":{"start":{"line":147,"column":4},"end":{"line":147,"column":60}},"71":{"start":{"line":152,"column":0},"end":{"line":156,"column":2}},"72":{"start":{"line":153,"column":2},"end":{"line":153,"column":68}},"73":{"start":{"line":154,"column":2},"end":{"line":154,"column":36}},"74":{"start":{"line":155,"column":2},"end":{"line":155,"column":15}}},"fnMap":{"0":{"name":"(anonymous_0)","decl":{"start":{"line":16,"column":46},"end":{"line":16,"column":47}},"loc":{"start":{"line":16,"column":58},"end":{"line":38,"column":1}},"line":16},"1":{"name":"(anonymous_1)","decl":{"start":{"line":33,"column":39},"end":{"line":33,"column":40}},"loc":{"start":{"line":33,"column":52},"end":{"line":37,"column":3}},"line":33},"2":{"name":"startRecording","decl":{"start":{"line":41,"column":15},"end":{"line":41,"column":29}},"loc":{"start":{"line":41,"column":32},"end":{"line":57,"column":1}},"line":41},"3":{"name":"stopRecording","decl":{"start":{"line":59,"column":15},"end":{"line":59,"column":28}},"loc":{"start":{"line":59,"column":31},"end":{"line":68,"column":1}},"line":59},"4":{"name":"togglePause","decl":{"start":{"line":70,"column":15},"end":{"line":70,"column":26}},"loc":{"start":{"line":70,"column":29},"end":{"line":79,"column":1}},"line":70},"5":{"name":"updateSettings","decl":{"start":{"line":82,"column":15},"end":{"line":82,"column":29}},"loc":{"start":{"line":82,"column":32},"end":{"line":89,"column":1}},"line":82},"6":{"name":"updateButtonStates","decl":{"start":{"line":92,"column":9},"end":{"line":92,"column":27}},"loc":{"start":{"line":92,"column":56},"end":{"line":103,"column":1}},"line":92},"7":{"name":"updatePauseButton","decl":{"start":{"line":105,"column":9},"end":{"line":105,"column":26}},"loc":{"start":{"line":105,"column":29},"end":{"line":107,"column":1}},"line":105},"8":{"name":"updateStatus","decl":{"start":{"line":109,"column":9},"end":{"line":109,"column":21}},"loc":{"start":{"line":109,"column":31},"end":{"line":111,"column":1}},"line":109},"9":{"name":"formatTime","decl":{"start":{"line":113,"column":9},"end":{"line":113,"column":19}},"loc":{"start":{"line":113,"column":24},"end":{"line":122,"column":1}},"line":113},"10":{"name":"(anonymous_10)","decl":{"start":{"line":120,"column":9},"end":{"line":120,"column":10}},"loc":{"start":{"line":120,"column":16},"end":{"line":120,"column":47}},"line":120},"11":{"name":"updateTimer","decl":{"start":{"line":124,"column":9},"end":{"line":124,"column":20}},"loc":{"start":{"line":124,"column":31},"end":{"line":126,"column":1}},"line":124},"12":{"name":"updateUI","decl":{"start":{"line":128,"column":9},"end":{"line":128,"column":17}},"loc":{"start":{"line":128,"column":26},"end":{"line":139,"column":1}},"line":128},"13":{"name":"updateRecordingStatus","decl":{"start":{"line":142,"column":15},"end":{"line":142,"column":36}},"loc":{"start":{"line":142,"column":39},"end":{"line":149,"column":1}},"line":142},"14":{"name":"(anonymous_14)","decl":{"start":{"line":152,"column":17},"end":{"line":152,"column":18}},"loc":{"start":{"line":152,"column":64},"end":{"line":156,"column":1}},"line":152}},"branchMap":{"0":{"loc":{"start":{"line":34,"column":4},"end":{"line":36,"column":5}},"type":"if","locations":[{"start":{"line":34,"column":4},"end":{"line":36,"column":5}},{"start":{},"end":{}}],"line":34},"1":{"loc":{"start":{"line":75,"column":17},"end":{"line":75,"column":68}},"type":"cond-expr","locations":[{"start":{"line":75,"column":28},"end":{"line":75,"column":46}},{"start":{"line":75,"column":49},"end":{"line":75,"column":68}}],"line":75},"2":{"loc":{"start":{"line":92,"column":39},"end":{"line":92,"column":54}},"type":"default-arg","locations":[{"start":{"line":92,"column":49},"end":{"line":92,"column":54}}],"line":92},"3":{"loc":{"start":{"line":95,"column":25},"end":{"line":95,"column":46}},"type":"binary-expr","locations":[{"start":{"line":95,"column":25},"end":{"line":95,"column":35}},{"start":{"line":95,"column":39},"end":{"line":95,"column":46}}],"line":95},"4":{"loc":{"start":{"line":99,"column":2},"end":{"line":102,"column":3}},"type":"if","locations":[{"start":{"line":99,"column":2},"end":{"line":102,"column":3}},{"start":{},"end":{}}],"line":99},"5":{"loc":{"start":{"line":106,"column":28},"end":{"line":106,"column":61}},"type":"cond-expr","locations":[{"start":{"line":106,"column":39},"end":{"line":106,"column":49}},{"start":{"line":106,"column":52},"end":{"line":106,"column":61}}],"line":106},"6":{"loc":{"start":{"line":136,"column":2},"end":{"line":138,"column":3}},"type":"if","locations":[{"start":{"line":136,"column":2},"end":{"line":138,"column":3}},{"start":{},"end":{}}],"line":136}},"s":{"0":0,"1":0,"2":0,"3":0,"4":0,"5":0,"6":0,"7":0,"8":0,"9":0,"10":0,"11":0,"12":0,"13":0,"14":0,"15":0,"16":0,"17":0,"18":0,"19":0,"20":0,"21":0,"22":0,"23":0,"24":0,"25":0,"26":0,"27":0,"28":0,"29":0,"30":0,"31":0,"32":0,"33":0,"34":0,"35":0,"36":0,"37":0,"38":0,"39":0,"40":0,"41":0,"42":0,"43":0,"44":0,"45":0,"46":0,"47":0,"48":0,"49":0,"50":0,"51":0,"52":0,"53":0,"54":0,"55":0,"56":0,"57":0,"58":0,"59":0,"60":0,"61":0,"62":0,"63":0,"64":0,"65":0,"66":0,"67":0,"68":0,"69":0,"70":0,"71":0,"72":0,"73":0,"74":0},"f":{"0":0,"1":0,"2":0,"3":0,"4":0,"5":0,"6":0,"7":0,"8":0,"9":0,"10":0,"11":0,"12":0,"13":0,"14":0},"b":{"0":[0,0],"1":[0,0],"2":[0],"3":[0,0],"4":[0,0],"5":[0,0],"6":[0,0]}}
}
